Using pre-set license
Built from '2021.3/staging' branch; Version is '2021.3.16f1 (4016570cf34f) revision 4200023'; Using compiler version '192829333'; Build Type 'Release'
OS: 'Windows 11  (10.0.22621) 64bit Professional' Language: 'en' Physical Memory: 16233 MB
BatchMode: 1, IsHumanControllingUs: 0, StartBugReporterOnCrash: 0, Is64bit: 1, IsPro: 1

COMMAND LINE ARGUMENTS:
C:\Program Files\Unity\Hub\Editor\2021.3.16f1\Editor\Unity.exe
-adb2
-batchMode
-noUpm
-name
AssetImportWorker1
-projectPath
C:/Users/subas/Unity_Projects/FPS final1
-logFile
Logs/AssetImportWorker1.log
-srvPort
51520
Successfully changed project path to: C:/Users/subas/Unity_Projects/FPS final1
C:/Users/subas/Unity_Projects/FPS final1
[UnityMemory] Configuration Parameters - Can be set up in boot.config
    "memorysetup-bucket-allocator-granularity=16"
    "memorysetup-bucket-allocator-bucket-count=8"
    "memorysetup-bucket-allocator-block-size=33554432"
    "memorysetup-bucket-allocator-block-count=8"
    "memorysetup-main-allocator-block-size=16777216"
    "memorysetup-thread-allocator-block-size=16777216"
    "memorysetup-gfx-main-allocator-block-size=16777216"
    "memorysetup-gfx-thread-allocator-block-size=16777216"
    "memorysetup-cache-allocator-block-size=4194304"
    "memorysetup-typetree-allocator-block-size=2097152"
    "memorysetup-profiler-bucket-allocator-granularity=16"
    "memorysetup-profiler-bucket-allocator-bucket-count=8"
    "memorysetup-profiler-bucket-allocator-block-size=33554432"
    "memorysetup-profiler-bucket-allocator-block-count=8"
    "memorysetup-profiler-allocator-block-size=16777216"
    "memorysetup-profiler-editor-allocator-block-size=1048576"
    "memorysetup-temp-allocator-size-main=16777216"
    "memorysetup-job-temp-allocator-block-size=2097152"
    "memorysetup-job-temp-allocator-block-size-background=1048576"
    "memorysetup-job-temp-allocator-reduction-small-platforms=262144"
    "memorysetup-temp-allocator-size-background-worker=32768"
    "memorysetup-temp-allocator-size-job-worker=262144"
    "memorysetup-temp-allocator-size-preload-manager=33554432"
    "memorysetup-temp-allocator-size-nav-mesh-worker=65536"
    "memorysetup-temp-allocator-size-audio-worker=65536"
    "memorysetup-temp-allocator-size-cloud-worker=32768"
    "memorysetup-temp-allocator-size-gi-baking-worker=262144"
    "memorysetup-temp-allocator-size-gfx=262144"
Player connection [46380] Host "[IP] 192.168.56.1 [Port] 0 [Flags] 2 [Guid] 4135324884 [EditorId] 4135324884 [Version] 1048832 [Id] WindowsEditor(7,Subash) [Debug] 1 [PackageName] WindowsEditor [ProjectName] Editor" joined multi-casting on [225.0.0.222:54997]...

Player connection [46380] Host "[IP] 192.168.56.1 [Port] 0 [Flags] 2 [Guid] 4135324884 [EditorId] 4135324884 [Version] 1048832 [Id] WindowsEditor(7,Subash) [Debug] 1 [PackageName] WindowsEditor [ProjectName] Editor" joined alternative multi-casting on [225.0.0.222:34997]...

Refreshing native plugins compatible for Editor in 218.60 ms, found 3 plugins.
Preloading 0 native plugins for Editor in 0.00 ms.
Initialize engine version: 2021.3.16f1 (4016570cf34f)
[Subsystems] Discovering subsystems at path C:/Program Files/Unity/Hub/Editor/2021.3.16f1/Editor/Data/Resources/UnitySubsystems
[Subsystems] Discovering subsystems at path C:/Users/subas/Unity_Projects/FPS final1/Assets
GfxDevice: creating device client; threaded=0; jobified=0
Direct3D:
    Version:  Direct3D 11.0 [level 11.1]
    Renderer: NVIDIA GeForce RTX 2070 (ID=0x1f10)
    Vendor:   NVIDIA
    VRAM:     8031 MB
    Driver:   30.0.15.1278
Initialize mono
Mono path[0] = 'C:/Program Files/Unity/Hub/Editor/2021.3.16f1/Editor/Data/Managed'
Mono path[1] = 'C:/Program Files/Unity/Hub/Editor/2021.3.16f1/Editor/Data/MonoBleedingEdge/lib/mono/unityjit-win32'
Mono config path = 'C:/Program Files/Unity/Hub/Editor/2021.3.16f1/Editor/Data/MonoBleedingEdge/etc'
Using monoOptions --debugger-agent=transport=dt_socket,embedding=1,server=y,suspend=n,address=127.0.0.1:56992
Begin MonoManager ReloadAssembly
Registering precompiled unity dll's ...
Register platform support module: C:/Program Files/Unity/Hub/Editor/2021.3.16f1/Editor/Data/PlaybackEngines/AndroidPlayer/UnityEditor.Android.Extensions.dll
Register platform support module: C:/Program Files/Unity/Hub/Editor/2021.3.16f1/Editor/Data/PlaybackEngines/iOSSupport/UnityEditor.iOS.Extensions.dll
Register platform support module: C:/Program Files/Unity/Hub/Editor/2021.3.16f1/Editor/Data/PlaybackEngines/WindowsStandaloneSupport/UnityEditor.WindowsStandalone.Extensions.dll
Registered in 0.011712 seconds.
Native extension for WindowsStandalone target not found
[usbmuxd] Start listen thread
[usbmuxd] Listen thread started
Native extension for iOS target not found
Native extension for Android target not found
Refreshing native plugins compatible for Editor in 180.48 ms, found 3 plugins.
Preloading 0 native plugins for Editor in 0.00 ms.
Mono: successfully reloaded assembly
- Completed reload, in  1.051 seconds
Domain Reload Profiling:
	ReloadAssembly (1052ms)
		BeginReloadAssembly (190ms)
			ExecutionOrderSort (0ms)
			DisableScriptedObjects (0ms)
			BackupInstance (0ms)
			ReleaseScriptingObjects (0ms)
			CreateAndSetChildDomain (1ms)
		EndReloadAssembly (716ms)
			LoadAssemblies (188ms)
			RebuildTransferFunctionScriptingTraits (0ms)
			SetupTypeCache (145ms)
			ReleaseScriptCaches (0ms)
			RebuildScriptCaches (37ms)
			SetupLoadedEditorAssemblies (451ms)
				LogAssemblyErrors (0ms)
				InitializePlatformSupportModulesInManaged (95ms)
				SetLoadedEditorAssemblies (0ms)
				RefreshPlugins (181ms)
				BeforeProcessingInitializeOnLoad (1ms)
				ProcessInitializeOnLoadAttributes (122ms)
				ProcessInitializeOnLoadMethodAttributes (52ms)
				AfterProcessingInitializeOnLoad (0ms)
				EditorAssembliesLoaded (0ms)
			ExecutionOrderSort2 (0ms)
			AwakeInstancesAfterBackupRestoration (0ms)
Platform modules already initialized, skipping
Registering precompiled user dll's ...
Registered in 0.011258 seconds.
Begin MonoManager ReloadAssembly
Symbol file LoadedFromMemory doesn't match image C:\Users\subas\Unity_Projects\FPS final1\Library\PackageCache\com.unity.visualscripting@1.7.8\Editor\VisualScripting.Core\Dependencies\YamlDotNet\Unity.VisualScripting.YamlDotNet.dll
Symbol file LoadedFromMemory doesn't match image C:\Users\subas\Unity_Projects\FPS final1\Library\PackageCache\com.unity.visualscripting@1.7.8\Editor\VisualScripting.Core\Dependencies\DotNetZip\Unity.VisualScripting.IonicZip.dll
Native extension for WindowsStandalone target not found
Native extension for iOS target not found
Native extension for Android target not found
Refreshing native plugins compatible for Editor in 159.99 ms, found 3 plugins.
Preloading 0 native plugins for Editor in 0.00 ms.
Mono: successfully reloaded assembly
- Completed reload, in  2.092 seconds
Domain Reload Profiling:
	ReloadAssembly (2093ms)
		BeginReloadAssembly (266ms)
			ExecutionOrderSort (0ms)
			DisableScriptedObjects (10ms)
			BackupInstance (0ms)
			ReleaseScriptingObjects (0ms)
			CreateAndSetChildDomain (127ms)
		EndReloadAssembly (1695ms)
			LoadAssemblies (230ms)
			RebuildTransferFunctionScriptingTraits (0ms)
			SetupTypeCache (433ms)
			ReleaseScriptCaches (1ms)
			RebuildScriptCaches (114ms)
			SetupLoadedEditorAssemblies (865ms)
				LogAssemblyErrors (0ms)
				InitializePlatformSupportModulesInManaged (25ms)
				SetLoadedEditorAssemblies (0ms)
				RefreshPlugins (160ms)
				BeforeProcessingInitializeOnLoad (157ms)
				ProcessInitializeOnLoadAttributes (470ms)
				ProcessInitializeOnLoadMethodAttributes (42ms)
				AfterProcessingInitializeOnLoad (9ms)
				EditorAssembliesLoaded (0ms)
			ExecutionOrderSort2 (0ms)
			AwakeInstancesAfterBackupRestoration (8ms)
Platform modules already initialized, skipping
========================================================================
Worker process is ready to serve import requests
Launched and connected shader compiler UnityShaderCompiler.exe after 0.05 seconds
Refreshing native plugins compatible for Editor in 1.16 ms, found 3 plugins.
Preloading 0 native plugins for Editor in 0.00 ms.
Unloading 6806 Unused Serialized files (Serialized files now loaded: 0)
Unloading 168 unused Assets / (13.2 MB). Loaded Objects now: 7147.
Memory consumption went from 314.9 MB to 301.8 MB.
Total: 6.217900 ms (FindLiveObjects: 0.569300 ms CreateObjectMapping: 0.521600 ms MarkObjects: 2.943900 ms  DeleteObjects: 2.182100 ms)

AssetImportParameters requested are different than current active one (requested -> active):
  custom:video-decoder-ogg-theora: a1e56fd34408186e4bbccfd4996cb3dc -> 
  custom:container-muxer-webm: aa71ff27fc2769a1b78a27578f13a17b -> 
  custom:container-demuxer-webm: 4f35f7cbe854078d1ac9338744f61a02 -> 
  custom:video-encoder-webm-vp8: eb34c28f22e8b96e1ab97ce403110664 -> 
  custom:video-codec-MediaFoundation-h265: 746d11721c4dcdbdad8f713fa42b33f4 -> 
  custom:audio-encoder-webm-vorbis: bf7c407c2cedff20999df2af8eb42d56 -> 
  custom:framework-win-MediaFoundation: 216162199b28c13a410421893ffa2e32 -> 
  custom:container-demuxer-ogg: 62fdf1f143b41e24485cea50d1cbac27 -> 
  custom:video-decoder-webm-vp8: 9c59270c3fd7afecdb556c50c9e8de78 -> 
  custom:audio-decoder-ogg-vorbis: bf7c407c2cedff20999df2af8eb42d56 -> 
========================================================================
Received Import Request.
  Time since last request: 1205635.806900 seconds.
  path: Assets/New Terrain.asset
  artifactKey: Guid(e105e24c599bf1d45b408ed2d3c712df) Importer(815301076,1909f56bfc062723c751e8b465ee728b)
Start importing Assets/New Terrain.asset using Guid(e105e24c599bf1d45b408ed2d3c712df) Importer(815301076,1909f56bfc062723c751e8b465ee728b)  -> (artifact id: '925d0e580449ff4517b769394bb7a903') in 0.062111 seconds 
========================================================================
Received Import Request.
  Time since last request: 258.381828 seconds.
  path: Assets/SimpleColor_SeasonOne_Bandit_WeaponsPackage/Materials/Bomb.mat
  artifactKey: Guid(1d422b022f9faa84facf12f6a8eff949) Importer(815301076,1909f56bfc062723c751e8b465ee728b)
Start importing Assets/SimpleColor_SeasonOne_Bandit_WeaponsPackage/Materials/Bomb.mat using Guid(1d422b022f9faa84facf12f6a8eff949) Importer(815301076,1909f56bfc062723c751e8b465ee728b)  -> (artifact id: 'ebb3438c12c04637da2ae592a6a5b824') in 0.443655 seconds 
========================================================================
Received Import Request.
  Time since last request: 0.000021 seconds.
  path: Assets/SimpleColor_SeasonOne_Bandit_WeaponsPackage/Materials/Grenade.mat
  artifactKey: Guid(f77333b8b2af30848bca15df8fd44cc2) Importer(815301076,1909f56bfc062723c751e8b465ee728b)
Start importing Assets/SimpleColor_SeasonOne_Bandit_WeaponsPackage/Materials/Grenade.mat using Guid(f77333b8b2af30848bca15df8fd44cc2) Importer(815301076,1909f56bfc062723c751e8b465ee728b)  -> (artifact id: 'ddf490a4920849c5010253810712795f') in 0.047549 seconds 
========================================================================
Received Import Request.
  Time since last request: 0.000033 seconds.
  path: Assets/SimpleColor_SeasonOne_Bandit_WeaponsPackage/Materials/Knife.mat
  artifactKey: Guid(7ed31a6d1092ad0478b4d5ba4aa4abed) Importer(815301076,1909f56bfc062723c751e8b465ee728b)
Start importing Assets/SimpleColor_SeasonOne_Bandit_WeaponsPackage/Materials/Knife.mat using Guid(7ed31a6d1092ad0478b4d5ba4aa4abed) Importer(815301076,1909f56bfc062723c751e8b465ee728b)  -> (artifact id: 'fb0468613c179251c8a717883e8769e8') in 0.037669 seconds 
========================================================================
Received Import Request.
  Time since last request: 0.000042 seconds.
  path: Assets/SimpleColor_SeasonOne_Bandit_WeaponsPackage/Materials/M10.mat
  artifactKey: Guid(fc2de78538cd9c24499b2ed9d457cb1e) Importer(815301076,1909f56bfc062723c751e8b465ee728b)
Start importing Assets/SimpleColor_SeasonOne_Bandit_WeaponsPackage/Materials/M10.mat using Guid(fc2de78538cd9c24499b2ed9d457cb1e) Importer(815301076,1909f56bfc062723c751e8b465ee728b)  -> (artifact id: 'f7e9d9b6590f7f6c44663723f330b4fa') in 0.025737 seconds 
========================================================================
Received Import Request.
  Time since last request: 0.000029 seconds.
  path: Assets/SimpleColor_SeasonOne_Bandit_WeaponsPackage/Materials/SAR2000.mat
  artifactKey: Guid(93a8b819a694557468162c1c977dfd73) Importer(815301076,1909f56bfc062723c751e8b465ee728b)
Start importing Assets/SimpleColor_SeasonOne_Bandit_WeaponsPackage/Materials/SAR2000.mat using Guid(93a8b819a694557468162c1c977dfd73) Importer(815301076,1909f56bfc062723c751e8b465ee728b)  -> (artifact id: '357ed13c9e5447efe9619bd9913d96dc') in 0.145129 seconds 
========================================================================
Received Import Request.
  Time since last request: 0.000028 seconds.
  path: Assets/SimpleColor_SeasonOne_Bandit_WeaponsPackage/Materials/FlashBang.mat
  artifactKey: Guid(0c16ec447dac82e40878f3431535d1b0) Importer(815301076,1909f56bfc062723c751e8b465ee728b)
Start importing Assets/SimpleColor_SeasonOne_Bandit_WeaponsPackage/Materials/FlashBang.mat using Guid(0c16ec447dac82e40878f3431535d1b0) Importer(815301076,1909f56bfc062723c751e8b465ee728b)  -> (artifact id: 'fab93a1c565f2a09f586e2dc3653cd76') in 0.035798 seconds 
========================================================================
Received Import Request.
  Time since last request: 5.178889 seconds.
  path: Assets/SimpleColor_SeasonOne_Bandit_WeaponsPackage/Prefabs/Bomb.prefab
  artifactKey: Guid(ad6089cac3444d84787ed5d3ce2b4296) Importer(815301076,1909f56bfc062723c751e8b465ee728b)
Start importing Assets/SimpleColor_SeasonOne_Bandit_WeaponsPackage/Prefabs/Bomb.prefab using Guid(ad6089cac3444d84787ed5d3ce2b4296) Importer(815301076,1909f56bfc062723c751e8b465ee728b)  -> (artifact id: '625c26c5edc648c5e61e0f4742aba73a') in 0.060388 seconds 
========================================================================
Received Import Request.
  Time since last request: 0.000026 seconds.
  path: Assets/SimpleColor_SeasonOne_Bandit_WeaponsPackage/Prefabs/Grenade.prefab
  artifactKey: Guid(de370244e0f22e34db566f84060e2507) Importer(815301076,1909f56bfc062723c751e8b465ee728b)
Start importing Assets/SimpleColor_SeasonOne_Bandit_WeaponsPackage/Prefabs/Grenade.prefab using Guid(de370244e0f22e34db566f84060e2507) Importer(815301076,1909f56bfc062723c751e8b465ee728b)  -> (artifact id: '2dbd6fc4c8fff01e42b5bc6fa599498f') in 0.044403 seconds 
========================================================================
Received Import Request.
  Time since last request: 0.000018 seconds.
  path: Assets/SimpleColor_SeasonOne_Bandit_WeaponsPackage/Prefabs/M500.prefab
  artifactKey: Guid(c51d823049bc09049a2f2e88b1500d2f) Importer(815301076,1909f56bfc062723c751e8b465ee728b)
Start importing Assets/SimpleColor_SeasonOne_Bandit_WeaponsPackage/Prefabs/M500.prefab using Guid(c51d823049bc09049a2f2e88b1500d2f) Importer(815301076,1909f56bfc062723c751e8b465ee728b)  -> (artifact id: '03a6be21514936917264a05be914ec6a') in 0.041284 seconds 
========================================================================
Received Import Request.
  Time since last request: 0.000034 seconds.
  path: Assets/SimpleColor_SeasonOne_Bandit_WeaponsPackage/Prefabs/FlashBang.prefab
  artifactKey: Guid(812945f3fb8a069478979aef799adc2e) Importer(815301076,1909f56bfc062723c751e8b465ee728b)
Start importing Assets/SimpleColor_SeasonOne_Bandit_WeaponsPackage/Prefabs/FlashBang.prefab using Guid(812945f3fb8a069478979aef799adc2e) Importer(815301076,1909f56bfc062723c751e8b465ee728b)  -> (artifact id: '1771c99113144a7f672e323b0bec66b4') in 0.048629 seconds 
========================================================================
Received Import Request.
  Time since last request: 0.000034 seconds.
  path: Assets/SimpleColor_SeasonOne_Bandit_WeaponsPackage/Prefabs/M590.prefab
  artifactKey: Guid(d23a8096a28feda43abefd7286bc584b) Importer(815301076,1909f56bfc062723c751e8b465ee728b)
Start importing Assets/SimpleColor_SeasonOne_Bandit_WeaponsPackage/Prefabs/M590.prefab using Guid(d23a8096a28feda43abefd7286bc584b) Importer(815301076,1909f56bfc062723c751e8b465ee728b)  -> (artifact id: '386eee5d332528fd13022209d1f9fa0e') in 0.038403 seconds 
========================================================================
Received Import Request.
  Time since last request: 107.376454 seconds.
  path: Assets/_Prefabs/Color.asset
  artifactKey: Guid(dad7ff9622468e14a970073bffea814b) Importer(815301076,1909f56bfc062723c751e8b465ee728b)
Start importing Assets/_Prefabs/Color.asset using Guid(dad7ff9622468e14a970073bffea814b) Importer(815301076,1909f56bfc062723c751e8b465ee728b)  -> (artifact id: '1d922b910981f3097521865078fc4d63') in 0.009693 seconds 
========================================================================
Received Import Request.
  Time since last request: 0.000042 seconds.
  path: Assets/_Prefabs/Portal red.prefab
  artifactKey: Guid(a76aed93114479c41993ac9aff01d492) Importer(815301076,1909f56bfc062723c751e8b465ee728b)
Start importing Assets/_Prefabs/Portal red.prefab using Guid(a76aed93114479c41993ac9aff01d492) Importer(815301076,1909f56bfc062723c751e8b465ee728b)  -> (artifact id: 'c76aa8de3fcb501e2de655d8d04c51d6') in 0.197976 seconds 
========================================================================
Received Import Request.
  Time since last request: 0.000028 seconds.
  path: Assets/_Prefabs/Portal blue.prefab
  artifactKey: Guid(e17e015cea38e634cb21da1b18c4889e) Importer(815301076,1909f56bfc062723c751e8b465ee728b)
Start importing Assets/_Prefabs/Portal blue.prefab using Guid(e17e015cea38e634cb21da1b18c4889e) Importer(815301076,1909f56bfc062723c751e8b465ee728b)  -> (artifact id: '0fa72ed77a4329ca73a825f5d9c3c738') in 0.021741 seconds 
========================================================================
Received Import Request.
  Time since last request: 0.000035 seconds.
  path: Assets/_Prefabs/Spawn Points.mat
  artifactKey: Guid(3e07acaaeb9038348bb9abeed8d1fdf3) Importer(815301076,1909f56bfc062723c751e8b465ee728b)
Start importing Assets/_Prefabs/Spawn Points.mat using Guid(3e07acaaeb9038348bb9abeed8d1fdf3) Importer(815301076,1909f56bfc062723c751e8b465ee728b)  -> (artifact id: 'e18fcfb807954c8995db95a091165a90') in 0.235464 seconds 
========================================================================
Received Import Request.
  Time since last request: 35.151684 seconds.
  path: Assets/SimpleColor_SeasonOne_Bandit_WeaponsPackage/Modles/Bomb.FBX
  artifactKey: Guid(b2cfa8846ffe4f34fa586e35b7ade848) Importer(815301076,1909f56bfc062723c751e8b465ee728b)
Start importing Assets/SimpleColor_SeasonOne_Bandit_WeaponsPackage/Modles/Bomb.FBX using Guid(b2cfa8846ffe4f34fa586e35b7ade848) Importer(815301076,1909f56bfc062723c751e8b465ee728b)  -> (artifact id: 'bb0593543a38d0179252a523b7ccb181') in 0.046391 seconds 
========================================================================
Received Import Request.
  Time since last request: 0.000029 seconds.
  path: Assets/SimpleColor_SeasonOne_Bandit_WeaponsPackage/Modles/M10.FBX
  artifactKey: Guid(28277f6ea8a38054cbc36219c29f23ee) Importer(815301076,1909f56bfc062723c751e8b465ee728b)
Start importing Assets/SimpleColor_SeasonOne_Bandit_WeaponsPackage/Modles/M10.FBX using Guid(28277f6ea8a38054cbc36219c29f23ee) Importer(815301076,1909f56bfc062723c751e8b465ee728b)  -> (artifact id: '23de9b2df9cf18e2724f83f692e6dbc2') in 0.117894 seconds 
========================================================================
Received Import Request.
  Time since last request: 0.000035 seconds.
  path: Assets/SimpleColor_SeasonOne_Bandit_WeaponsPackage/Modles/SAR2000.FBX
  artifactKey: Guid(f4a1284f2d77ca441b59035af503f285) Importer(815301076,1909f56bfc062723c751e8b465ee728b)
Start importing Assets/SimpleColor_SeasonOne_Bandit_WeaponsPackage/Modles/SAR2000.FBX using Guid(f4a1284f2d77ca441b59035af503f285) Importer(815301076,1909f56bfc062723c751e8b465ee728b)  -> (artifact id: '8f3767c434d4a154037dff3bc8fdee3e') in 0.137180 seconds 
========================================================================
Received Import Request.
  Time since last request: 0.000045 seconds.
  path: Assets/SimpleColor_SeasonOne_Bandit_WeaponsPackage/Modles/M590.FBX
  artifactKey: Guid(bff339c7996c81d429151eef0fb55872) Importer(815301076,1909f56bfc062723c751e8b465ee728b)
Start importing Assets/SimpleColor_SeasonOne_Bandit_WeaponsPackage/Modles/M590.FBX using Guid(bff339c7996c81d429151eef0fb55872) Importer(815301076,1909f56bfc062723c751e8b465ee728b)  -> (artifact id: '9517fff478c8c762d1e5d7eb60c7cb41') in 0.130422 seconds 
Editor requested this worker to shutdown with reason: Scaling down because of idle timeout
AssetImportWorker is now disconnected from the server
Process exiting
Exiting without the bug reporter. Application will terminate with return code 0