Using pre-set license
Built from '2021.3/staging' branch; Version is '2021.3.16f1 (4016570cf34f) revision 4200023'; Using compiler version '192829333'; Build Type 'Release'
OS: 'Windows 11  (10.0.22621) 64bit Professional' Language: 'en' Physical Memory: 16233 MB
BatchMode: 1, IsHumanControllingUs: 0, StartBugReporterOnCrash: 0, Is64bit: 1, IsPro: 1

COMMAND LINE ARGUMENTS:
C:\Program Files\Unity\Hub\Editor\2021.3.16f1\Editor\Unity.exe
-adb2
-batchMode
-noUpm
-name
AssetImportWorker0
-projectPath
C:/Users/subas/Unity_Projects/FPS final1
-logFile
Logs/AssetImportWorker0.log
-srvPort
51520
Successfully changed project path to: C:/Users/subas/Unity_Projects/FPS final1
C:/Users/subas/Unity_Projects/FPS final1
[UnityMemory] Configuration Parameters - Can be set up in boot.config
    "memorysetup-bucket-allocator-granularity=16"
    "memorysetup-bucket-allocator-bucket-count=8"
    "memorysetup-bucket-allocator-block-size=33554432"
    "memorysetup-bucket-allocator-block-count=8"
    "memorysetup-main-allocator-block-size=16777216"
    "memorysetup-thread-allocator-block-size=16777216"
    "memorysetup-gfx-main-allocator-block-size=16777216"
    "memorysetup-gfx-thread-allocator-block-size=16777216"
    "memorysetup-cache-allocator-block-size=4194304"
    "memorysetup-typetree-allocator-block-size=2097152"
    "memorysetup-profiler-bucket-allocator-granularity=16"
    "memorysetup-profiler-bucket-allocator-bucket-count=8"
    "memorysetup-profiler-bucket-allocator-block-size=33554432"
    "memorysetup-profiler-bucket-allocator-block-count=8"
    "memorysetup-profiler-allocator-block-size=16777216"
    "memorysetup-profiler-editor-allocator-block-size=1048576"
    "memorysetup-temp-allocator-size-main=16777216"
    "memorysetup-job-temp-allocator-block-size=2097152"
    "memorysetup-job-temp-allocator-block-size-background=1048576"
    "memorysetup-job-temp-allocator-reduction-small-platforms=262144"
    "memorysetup-temp-allocator-size-background-worker=32768"
    "memorysetup-temp-allocator-size-job-worker=262144"
    "memorysetup-temp-allocator-size-preload-manager=33554432"
    "memorysetup-temp-allocator-size-nav-mesh-worker=65536"
    "memorysetup-temp-allocator-size-audio-worker=65536"
    "memorysetup-temp-allocator-size-cloud-worker=32768"
    "memorysetup-temp-allocator-size-gi-baking-worker=262144"
    "memorysetup-temp-allocator-size-gfx=262144"
Player connection [4056] Host "[IP] 192.168.56.1 [Port] 0 [Flags] 2 [Guid] 4291812543 [EditorId] 4291812543 [Version] 1048832 [Id] WindowsEditor(7,Subash) [Debug] 1 [PackageName] WindowsEditor [ProjectName] Editor" joined multi-casting on [225.0.0.222:54997]...

Player connection [4056] Host "[IP] 192.168.56.1 [Port] 0 [Flags] 2 [Guid] 4291812543 [EditorId] 4291812543 [Version] 1048832 [Id] WindowsEditor(7,Subash) [Debug] 1 [PackageName] WindowsEditor [ProjectName] Editor" joined alternative multi-casting on [225.0.0.222:34997]...

Refreshing native plugins compatible for Editor in 293.44 ms, found 3 plugins.
Preloading 0 native plugins for Editor in 0.00 ms.
Initialize engine version: 2021.3.16f1 (4016570cf34f)
[Subsystems] Discovering subsystems at path C:/Program Files/Unity/Hub/Editor/2021.3.16f1/Editor/Data/Resources/UnitySubsystems
[Subsystems] Discovering subsystems at path C:/Users/subas/Unity_Projects/FPS final1/Assets
GfxDevice: creating device client; threaded=0; jobified=0
Direct3D:
    Version:  Direct3D 11.0 [level 11.1]
    Renderer: NVIDIA GeForce RTX 2070 (ID=0x1f10)
    Vendor:   NVIDIA
    VRAM:     8031 MB
    Driver:   30.0.15.1278
Initialize mono
Mono path[0] = 'C:/Program Files/Unity/Hub/Editor/2021.3.16f1/Editor/Data/Managed'
Mono path[1] = 'C:/Program Files/Unity/Hub/Editor/2021.3.16f1/Editor/Data/MonoBleedingEdge/lib/mono/unityjit-win32'
Mono config path = 'C:/Program Files/Unity/Hub/Editor/2021.3.16f1/Editor/Data/MonoBleedingEdge/etc'
Using monoOptions --debugger-agent=transport=dt_socket,embedding=1,server=y,suspend=n,address=127.0.0.1:56048
Begin MonoManager ReloadAssembly
Registering precompiled unity dll's ...
Register platform support module: C:/Program Files/Unity/Hub/Editor/2021.3.16f1/Editor/Data/PlaybackEngines/AndroidPlayer/UnityEditor.Android.Extensions.dll
Register platform support module: C:/Program Files/Unity/Hub/Editor/2021.3.16f1/Editor/Data/PlaybackEngines/iOSSupport/UnityEditor.iOS.Extensions.dll
Register platform support module: C:/Program Files/Unity/Hub/Editor/2021.3.16f1/Editor/Data/PlaybackEngines/WindowsStandaloneSupport/UnityEditor.WindowsStandalone.Extensions.dll
Registered in 0.012708 seconds.
Native extension for WindowsStandalone target not found
[usbmuxd] Start listen thread
[usbmuxd] Listen thread started
Native extension for iOS target not found
Native extension for Android target not found
Refreshing native plugins compatible for Editor in 177.48 ms, found 3 plugins.
Preloading 0 native plugins for Editor in 0.00 ms.
Mono: successfully reloaded assembly
- Completed reload, in  1.023 seconds
Domain Reload Profiling:
	ReloadAssembly (1023ms)
		BeginReloadAssembly (169ms)
			ExecutionOrderSort (0ms)
			DisableScriptedObjects (0ms)
			BackupInstance (0ms)
			ReleaseScriptingObjects (0ms)
			CreateAndSetChildDomain (1ms)
		EndReloadAssembly (723ms)
			LoadAssemblies (166ms)
			RebuildTransferFunctionScriptingTraits (0ms)
			SetupTypeCache (145ms)
			ReleaseScriptCaches (0ms)
			RebuildScriptCaches (41ms)
			SetupLoadedEditorAssemblies (462ms)
				LogAssemblyErrors (0ms)
				InitializePlatformSupportModulesInManaged (97ms)
				SetLoadedEditorAssemblies (0ms)
				RefreshPlugins (178ms)
				BeforeProcessingInitializeOnLoad (2ms)
				ProcessInitializeOnLoadAttributes (130ms)
				ProcessInitializeOnLoadMethodAttributes (55ms)
				AfterProcessingInitializeOnLoad (0ms)
				EditorAssembliesLoaded (0ms)
			ExecutionOrderSort2 (0ms)
			AwakeInstancesAfterBackupRestoration (0ms)
Platform modules already initialized, skipping
Registering precompiled user dll's ...
Registered in 0.011436 seconds.
Begin MonoManager ReloadAssembly
Symbol file LoadedFromMemory doesn't match image C:\Users\subas\Unity_Projects\FPS final1\Library\PackageCache\com.unity.visualscripting@1.7.8\Editor\VisualScripting.Core\Dependencies\YamlDotNet\Unity.VisualScripting.YamlDotNet.dll
Symbol file LoadedFromMemory doesn't match image C:\Users\subas\Unity_Projects\FPS final1\Library\PackageCache\com.unity.visualscripting@1.7.8\Editor\VisualScripting.Core\Dependencies\DotNetZip\Unity.VisualScripting.IonicZip.dll
Native extension for WindowsStandalone target not found
Native extension for iOS target not found
Native extension for Android target not found
Refreshing native plugins compatible for Editor in 162.38 ms, found 3 plugins.
Preloading 0 native plugins for Editor in 0.00 ms.
Mono: successfully reloaded assembly
- Completed reload, in  2.033 seconds
Domain Reload Profiling:
	ReloadAssembly (2035ms)
		BeginReloadAssembly (249ms)
			ExecutionOrderSort (0ms)
			DisableScriptedObjects (6ms)
			BackupInstance (0ms)
			ReleaseScriptingObjects (0ms)
			CreateAndSetChildDomain (137ms)
		EndReloadAssembly (1645ms)
			LoadAssemblies (192ms)
			RebuildTransferFunctionScriptingTraits (0ms)
			SetupTypeCache (425ms)
			ReleaseScriptCaches (1ms)
			RebuildScriptCaches (111ms)
			SetupLoadedEditorAssemblies (863ms)
				LogAssemblyErrors (0ms)
				InitializePlatformSupportModulesInManaged (25ms)
				SetLoadedEditorAssemblies (0ms)
				RefreshPlugins (162ms)
				BeforeProcessingInitializeOnLoad (157ms)
				ProcessInitializeOnLoadAttributes (466ms)
				ProcessInitializeOnLoadMethodAttributes (43ms)
				AfterProcessingInitializeOnLoad (9ms)
				EditorAssembliesLoaded (0ms)
			ExecutionOrderSort2 (0ms)
			AwakeInstancesAfterBackupRestoration (8ms)
Platform modules already initialized, skipping
========================================================================
Worker process is ready to serve import requests
Launched and connected shader compiler UnityShaderCompiler.exe after 0.07 seconds
Refreshing native plugins compatible for Editor in 1.64 ms, found 3 plugins.
Preloading 0 native plugins for Editor in 0.00 ms.
Unloading 6806 Unused Serialized files (Serialized files now loaded: 0)
Unloading 168 unused Assets / (13.2 MB). Loaded Objects now: 7147.
Memory consumption went from 314.9 MB to 301.8 MB.
Total: 6.406600 ms (FindLiveObjects: 0.559300 ms CreateObjectMapping: 0.502000 ms MarkObjects: 3.177200 ms  DeleteObjects: 2.167100 ms)

AssetImportParameters requested are different than current active one (requested -> active):
  custom:video-decoder-ogg-theora: a1e56fd34408186e4bbccfd4996cb3dc -> 
  custom:container-muxer-webm: aa71ff27fc2769a1b78a27578f13a17b -> 
  custom:container-demuxer-webm: 4f35f7cbe854078d1ac9338744f61a02 -> 
  custom:video-encoder-webm-vp8: eb34c28f22e8b96e1ab97ce403110664 -> 
  custom:video-codec-MediaFoundation-h265: 746d11721c4dcdbdad8f713fa42b33f4 -> 
  custom:audio-encoder-webm-vorbis: bf7c407c2cedff20999df2af8eb42d56 -> 
  custom:framework-win-MediaFoundation: 216162199b28c13a410421893ffa2e32 -> 
  custom:container-demuxer-ogg: 62fdf1f143b41e24485cea50d1cbac27 -> 
  custom:video-decoder-webm-vp8: 9c59270c3fd7afecdb556c50c9e8de78 -> 
  custom:audio-decoder-ogg-vorbis: bf7c407c2cedff20999df2af8eb42d56 -> 
========================================================================
Received Import Request.
  Time since last request: 1205635.787336 seconds.
  path: Assets/Canvas.prefab
  artifactKey: Guid(ad6c7da90e33c554192fa08745e2e316) Importer(815301076,1909f56bfc062723c751e8b465ee728b)
Start importing Assets/Canvas.prefab using Guid(ad6c7da90e33c554192fa08745e2e316) Importer(815301076,1909f56bfc062723c751e8b465ee728b)  -> (artifact id: '2858cfff24435c58fd72422faaf87f9e') in 0.080920 seconds 
========================================================================
Received Import Request.
  Time since last request: 256.263685 seconds.
  path: Assets/SimpleColor_SeasonOne_Bandit_WeaponsPackage
  artifactKey: Guid(896fea58dfe8fef40a772403279711b6) Importer(815301076,1909f56bfc062723c751e8b465ee728b)
Start importing Assets/SimpleColor_SeasonOne_Bandit_WeaponsPackage using Guid(896fea58dfe8fef40a772403279711b6) Importer(815301076,1909f56bfc062723c751e8b465ee728b)  -> (artifact id: 'af19a97c1655389832db3ccf992a9d7d') in 0.008719 seconds 
========================================================================
Received Import Request.
  Time since last request: 2.093207 seconds.
  path: Assets/SimpleColor_SeasonOne_Bandit_WeaponsPackage/Materials/AKM.mat
  artifactKey: Guid(ea03f25116acd7145ba929a563c6b80b) Importer(815301076,1909f56bfc062723c751e8b465ee728b)
Start importing Assets/SimpleColor_SeasonOne_Bandit_WeaponsPackage/Materials/AKM.mat using Guid(ea03f25116acd7145ba929a563c6b80b) Importer(815301076,1909f56bfc062723c751e8b465ee728b)  -> (artifact id: '12cfa7915756e66b0a2e2bd4da1c2e88') in 0.447907 seconds 
========================================================================
Received Import Request.
  Time since last request: 0.000026 seconds.
  path: Assets/SimpleColor_SeasonOne_Bandit_WeaponsPackage/Materials/M590.mat
  artifactKey: Guid(940ac44412c153144831033a30084b2d) Importer(815301076,1909f56bfc062723c751e8b465ee728b)
Start importing Assets/SimpleColor_SeasonOne_Bandit_WeaponsPackage/Materials/M590.mat using Guid(940ac44412c153144831033a30084b2d) Importer(815301076,1909f56bfc062723c751e8b465ee728b)  -> (artifact id: 'cf2dd03487cb87505c78d4d123e73286') in 0.053699 seconds 
========================================================================
Received Import Request.
  Time since last request: 0.000041 seconds.
  path: Assets/SimpleColor_SeasonOne_Bandit_WeaponsPackage/Materials
  artifactKey: Guid(fae178ab8f1a01647b71bc7395030938) Importer(815301076,1909f56bfc062723c751e8b465ee728b)
Start importing Assets/SimpleColor_SeasonOne_Bandit_WeaponsPackage/Materials using Guid(fae178ab8f1a01647b71bc7395030938) Importer(815301076,1909f56bfc062723c751e8b465ee728b)  -> (artifact id: 'dc35a6ad237722a699b9710e0972728c') in 0.011922 seconds 
========================================================================
Received Import Request.
  Time since last request: 0.000071 seconds.
  path: Assets/SimpleColor_SeasonOne_Bandit_WeaponsPackage/Materials/M500.mat
  artifactKey: Guid(08d359bddecf24f4ca02756c62ebbd20) Importer(815301076,1909f56bfc062723c751e8b465ee728b)
Start importing Assets/SimpleColor_SeasonOne_Bandit_WeaponsPackage/Materials/M500.mat using Guid(08d359bddecf24f4ca02756c62ebbd20) Importer(815301076,1909f56bfc062723c751e8b465ee728b)  -> (artifact id: 'e0e1c98bfcdb202fd3b9ec07a986a9d2') in 0.166931 seconds 
========================================================================
Received Import Request.
  Time since last request: 0.000028 seconds.
  path: Assets/SimpleColor_SeasonOne_Bandit_WeaponsPackage/Materials/Stand.mat
  artifactKey: Guid(9640d66df76462b479231cda99b406d0) Importer(815301076,1909f56bfc062723c751e8b465ee728b)
Start importing Assets/SimpleColor_SeasonOne_Bandit_WeaponsPackage/Materials/Stand.mat using Guid(9640d66df76462b479231cda99b406d0) Importer(815301076,1909f56bfc062723c751e8b465ee728b)  -> (artifact id: '3f252340f75a3755b85286b75de95f3a') in 0.219295 seconds 
========================================================================
Received Import Request.
  Time since last request: 5.041866 seconds.
  path: Assets/SimpleColor_SeasonOne_Bandit_WeaponsPackage/Prefabs/AKM.prefab
  artifactKey: Guid(98ba4fe7822ca91449b5681cabff1ada) Importer(815301076,1909f56bfc062723c751e8b465ee728b)
Start importing Assets/SimpleColor_SeasonOne_Bandit_WeaponsPackage/Prefabs/AKM.prefab using Guid(98ba4fe7822ca91449b5681cabff1ada) Importer(815301076,1909f56bfc062723c751e8b465ee728b)  -> (artifact id: 'e3b4168481bb5994374bd432a029cc79') in 0.056447 seconds 
========================================================================
Received Import Request.
  Time since last request: 0.000027 seconds.
  path: Assets/SimpleColor_SeasonOne_Bandit_WeaponsPackage/Prefabs/M10.prefab
  artifactKey: Guid(3de3e928b09b435498a22492f928cc18) Importer(815301076,1909f56bfc062723c751e8b465ee728b)
Start importing Assets/SimpleColor_SeasonOne_Bandit_WeaponsPackage/Prefabs/M10.prefab using Guid(3de3e928b09b435498a22492f928cc18) Importer(815301076,1909f56bfc062723c751e8b465ee728b)  -> (artifact id: '22139c3f8356246652a2153a82f8a5b8') in 0.046568 seconds 
========================================================================
Received Import Request.
  Time since last request: 0.000034 seconds.
  path: Assets/SimpleColor_SeasonOne_Bandit_WeaponsPackage/Prefabs
  artifactKey: Guid(d09d4dbb758ce0c47b66739e9fd63dc6) Importer(815301076,1909f56bfc062723c751e8b465ee728b)
Start importing Assets/SimpleColor_SeasonOne_Bandit_WeaponsPackage/Prefabs using Guid(d09d4dbb758ce0c47b66739e9fd63dc6) Importer(815301076,1909f56bfc062723c751e8b465ee728b)  -> (artifact id: '7af968f28679ead6f69317241efce53d') in 0.008569 seconds 
========================================================================
Received Import Request.
  Time since last request: 0.000032 seconds.
  path: Assets/SimpleColor_SeasonOne_Bandit_WeaponsPackage/Prefabs/Knife.prefab
  artifactKey: Guid(55a41d7ec43ffd14bbd41760e9acc78a) Importer(815301076,1909f56bfc062723c751e8b465ee728b)
Start importing Assets/SimpleColor_SeasonOne_Bandit_WeaponsPackage/Prefabs/Knife.prefab using Guid(55a41d7ec43ffd14bbd41760e9acc78a) Importer(815301076,1909f56bfc062723c751e8b465ee728b)  -> (artifact id: '933029c0e5fe7cffafb2ed1e1da775f4') in 0.030087 seconds 
========================================================================
Received Import Request.
  Time since last request: 0.000026 seconds.
  path: Assets/SimpleColor_SeasonOne_Bandit_WeaponsPackage/Prefabs/SAR2000.prefab
  artifactKey: Guid(c9c15480150b39f4fb9f56b207eb57cf) Importer(815301076,1909f56bfc062723c751e8b465ee728b)
Start importing Assets/SimpleColor_SeasonOne_Bandit_WeaponsPackage/Prefabs/SAR2000.prefab using Guid(c9c15480150b39f4fb9f56b207eb57cf) Importer(815301076,1909f56bfc062723c751e8b465ee728b)  -> (artifact id: '555c591a23fa7e88cd10684c1a5c5372') in 0.049689 seconds 
Editor requested this worker to shutdown with reason: Scaling down because of idle timeout
AssetImportWorker is now disconnected from the server
Process exiting
Exiting without the bug reporter. Application will terminate with return code 0